<?xml version="1.0" encoding="UTF-8"?>
<testsuite xmlns:xsi="http://www.w3.org/2001/XMLSchema-instance" xsi:noNamespaceSchemaLocation="https://maven.apache.org/surefire/maven-surefire-plugin/xsd/surefire-test-report-3.0.xsd" version="3.0" name="org.matcha.mathutil.core.test.MathUtilityAdvancedTest" time="0.259" tests="5" errors="0" skipped="0" failures="0">
  <properties>
[...]
</properties>
  <testcase name="testFactorialGivenRightArgumentReturnsWell(int, long)[1]" classname="org.matcha.mathutil.core.test.MathUtilityAdvancedTest" time="0.09"/>
  <testcase name="testFactorialGivenRightArgumentReturnsWell(int, long)[2]" classname="org.matcha.mathutil.core.test.MathUtilityAdvancedTest" time="0.018"/>
  <testcase name="testFactorialGivenRightArgumentReturnsWell(int, long)[3]" classname="org.matcha.mathutil.core.test.MathUtilityAdvancedTest" time="0.006"/>
  <testcase name="testFactorialGivenRightArgumentReturnsWell(int, long)[4]" classname="org.matcha.mathutil.core.test.MathUtilityAdvancedTest" time="0"/>
  <testcase name="testFactorialGivenRightArgumentReturnsWell(int, long)[5]" classname="org.matcha.mathutil.core.test.MathUtilityAdvancedTest" time="0"/>
</testsuite>